0 info it worked if it ends with ok
1 verbose cli [ 'node',
1 verbose cli   '/usr/local/bin/npm',
1 verbose cli   'install',
1 verbose cli   '-g',
1 verbose cli   'cordova',
1 verbose cli   'ionic' ]
2 info using npm@2.5.1
3 info using node@v0.12.0
4 silly cache add args [ 'cordova', null ]
5 verbose cache add spec cordova
6 silly cache add args [ 'ionic', null ]
7 verbose cache add spec ionic
8 silly cache add parsed spec { raw: 'cordova',
8 silly cache add   scope: null,
8 silly cache add   name: 'cordova',
8 silly cache add   rawSpec: '',
8 silly cache add   spec: '*',
8 silly cache add   type: 'range' }
9 verbose addNamed cordova@*
10 silly addNamed semver.valid null
11 silly addNamed semver.validRange *
12 silly addNameRange { name: 'cordova', range: '*', hasData: false }
13 silly mapToRegistry name cordova
14 silly mapToRegistry using default registry
15 silly mapToRegistry registry https://registry.npmjs.org/
16 silly mapToRegistry uri https://registry.npmjs.org/cordova
17 verbose addNameRange registry:https://registry.npmjs.org/cordova not in flight; fetching
18 silly cache add parsed spec { raw: 'ionic',
18 silly cache add   scope: null,
18 silly cache add   name: 'ionic',
18 silly cache add   rawSpec: '',
18 silly cache add   spec: '*',
18 silly cache add   type: 'range' }
19 verbose addNamed ionic@*
20 silly addNamed semver.valid null
21 silly addNamed semver.validRange *
22 silly addNameRange { name: 'ionic', range: '*', hasData: false }
23 silly mapToRegistry name ionic
24 silly mapToRegistry using default registry
25 silly mapToRegistry registry https://registry.npmjs.org/
26 silly mapToRegistry uri https://registry.npmjs.org/ionic
27 verbose addNameRange registry:https://registry.npmjs.org/ionic not in flight; fetching
28 verbose request uri https://registry.npmjs.org/cordova
29 verbose request no auth needed
30 info attempt registry request try #1 at 4:38:29 PM
31 verbose request id 7478c451712c1540
32 verbose etag "23YZPP2M4Z1HVQ0P3FML7QIU4"
33 http request GET https://registry.npmjs.org/cordova
34 verbose request uri https://registry.npmjs.org/ionic
35 verbose request no auth needed
36 info attempt registry request try #1 at 4:38:30 PM
37 verbose etag "34WA105C6R0K1AIF4HJXZ060Q"
38 http request GET https://registry.npmjs.org/ionic
39 http 304 https://registry.npmjs.org/cordova
40 silly get cb [ 304,
40 silly get   { date: 'Fri, 06 Mar 2015 00:38:30 GMT',
40 silly get     server: 'Apache',
40 silly get     via: '1.1 varnish',
40 silly get     'last-modified': 'Fri, 06 Mar 2015 00:38:30 GMT',
40 silly get     'cache-control': 'max-age=60',
40 silly get     etag: '"23YZPP2M4Z1HVQ0P3FML7QIU4"',
40 silly get     age: '0',
40 silly get     'x-served-by': 'cache-sjc3135-SJC',
40 silly get     'x-cache': 'HIT',
40 silly get     'x-cache-hits': '1',
40 silly get     'x-timer': 'S1425602310.144093,VS0,VE90',
40 silly get     vary: 'Accept',
40 silly get     'content-length': '0',
40 silly get     'keep-alive': 'timeout=10, max=50',
40 silly get     connection: 'Keep-Alive' } ]
41 verbose etag https://registry.npmjs.org/cordova from cache
42 verbose get saving cordova to /Users/jenny/.npm/registry.npmjs.org/cordova/.cache.json
43 silly addNameRange number 2 { name: 'cordova', range: '*', hasData: true }
44 silly addNameRange versions [ 'cordova',
44 silly addNameRange   [ '0.0.1',
44 silly addNameRange     '0.0.2',
44 silly addNameRange     '0.0.3',
44 silly addNameRange     '0.0.4',
44 silly addNameRange     '0.0.5',
44 silly addNameRange     '0.0.6',
44 silly addNameRange     '0.0.7',
44 silly addNameRange     '0.0.8',
44 silly addNameRange     '0.0.9',
44 silly addNameRange     '0.1.0',
44 silly addNameRange     '0.1.1',
44 silly addNameRange     '0.1.2',
44 silly addNameRange     '0.1.3',
44 silly addNameRange     '0.1.4',
44 silly addNameRange     '0.1.5',
44 silly addNameRange     '0.1.6',
44 silly addNameRange     '0.1.7',
44 silly addNameRange     '0.1.8',
44 silly addNameRange     '0.1.9',
44 silly addNameRange     '0.1.10',
44 silly addNameRange     '0.1.11',
44 silly addNameRange     '0.1.12',
44 silly addNameRange     '0.1.13',
44 silly addNameRange     '0.1.14',
44 silly addNameRange     '2.2.0',
44 silly addNameRange     '2.3.0',
44 silly addNameRange     '2.3.1',
44 silly addNameRange     '2.3.2',
44 silly addNameRange     '2.3.3',
44 silly addNameRange     '2.3.5',
44 silly addNameRange     '2.3.6',
44 silly addNameRange     '2.4.0',
44 silly addNameRange     '2.4.1',
44 silly addNameRange     '2.4.2',
44 silly addNameRange     '2.4.3',
44 silly addNameRange     '2.4.4',
44 silly addNameRange     '2.4.5',
44 silly addNameRange     '2.4.6',
44 silly addNameRange     '2.4.7',
44 silly addNameRange     '2.4.8',
44 silly addNameRange     '2.4.9',
44 silly addNameRange     '2.4.10',
44 silly addNameRange     '2.5.0',
44 silly addNameRange     '2.5.2',
44 silly addNameRange     '2.5.3',
44 silly addNameRange     '2.5.4',
44 silly addNameRange     '2.5.5',
44 silly addNameRange     '2.6.0',
44 silly addNameRange     '2.6.1',
44 silly addNameRange     '2.6.2',
44 silly addNameRange     '2.7.0-rc.1',
44 silly addNameRange     '2.7.1-rc.1',
44 silly addNameRange     '2.7.2',
44 silly addNameRange     '2.7.3',
44 silly addNameRange     '2.7.4',
44 silly addNameRange     '2.8.0',
44 silly addNameRange     '2.8.1',
44 silly addNameRange     '2.8.2',
44 silly addNameRange     '2.8.3',
44 silly addNameRange     '2.8.4',
44 silly addNameRange     '2.8.5',
44 silly addNameRange     '2.8.6',
44 silly addNameRange     '2.8.7',
44 silly addNameRange     '2.8.8',
44 silly addNameRange     '2.8.9',
44 silly addNameRange     '2.8.10',
44 silly addNameRange     '2.8.11',
44 silly addNameRange     '2.8.12',
44 silly addNameRange     '2.8.13',
44 silly addNameRange     '2.8.14',
44 silly addNameRange     '2.8.15',
44 silly addNameRange     '2.8.16',
44 silly addNameRange     '2.8.17',
44 silly addNameRange     '2.8.18',
44 silly addNameRange     '2.8.19',
44 silly addNameRange     '2.8.20',
44 silly addNameRange     '2.8.21',
44 silly addNameRange     '2.8.22',
44 silly addNameRange     '2.8.23',
44 silly addNameRange     '2.8.24',
44 silly addNameRange     '2.8.25',
44 silly addNameRange     '2.9.0',
44 silly addNameRange     '2.9.1',
44 silly addNameRange     '2.9.2',
44 silly addNameRange     '2.9.3',
44 silly addNameRange     '2.9.4',
44 silly addNameRange     '2.9.5',
44 silly addNameRange     '2.9.6',
44 silly addNameRange     '2.9.7',
44 silly addNameRange     '3.0.0-rc1',
44 silly addNameRange     '3.0.0-rc1-1',
44 silly addNameRange     '3.0.0-rc1-3',
44 silly addNameRange     '3.0.0',
44 silly addNameRange     '3.0.1',
44 silly addNameRange     '3.0.2',
44 silly addNameRange     '3.0.3',
44 silly addNameRange     '3.0.4',
44 silly addNameRange     '3.0.5',
44 silly addNameRange     '3.0.6',
44 silly addNameRange     '3.0.7',
44 silly addNameRange     '3.0.8',
44 silly addNameRange     '3.0.9',
44 silly addNameRange     '3.0.10',
44 silly addNameRange     '3.1.0-0.1.0',
44 silly addNameRange     '3.1.0-0.2.0',
44 silly addNameRange     '3.2.0-rc.1',
44 silly addNameRange     '3.2.0-0.1.0',
44 silly addNameRange     '3.2.0-0.2.0',
44 silly addNameRange     '3.2.0-0.3.0',
44 silly addNameRange     '3.2.0-0.4.0',
44 silly addNameRange     '3.3.0-rc.1',
44 silly addNameRange     '3.3.0-0.1.1',
44 silly addNameRange     '3.3.1-0.1.2',
44 silly addNameRange     '2.9.0-rc1',
44 silly addNameRange     '3.3.1-0.3.0',
44 silly addNameRange     '3.3.1-0.3.1',
44 silly addNameRange     '3.3.1-0.4.1',
44 silly addNameRange     '3.3.1-0.4.2',
44 silly addNameRange     '3.4.0-0.1.0',
44 silly addNameRange     '3.4.0-0.1.1',
44 silly addNameRange     '3.4.0-0.1.2',
44 silly addNameRange     '3.4.0-0.1.3',
44 silly addNameRange     '0.0.0-fake',
44 silly addNameRange     '3.4.1-0.1.0',
44 silly addNameRange     '3.5.0-0.2.0',
44 silly addNameRange     '3.5.0-0.2.1',
44 silly addNameRange     '3.5.0-0.2.2',
44 silly addNameRange     '3.5.0-0.2.3',
44 silly addNameRange     '3.5.0-0.2.4',
44 silly addNameRange     '3.5.0-0.2.6',
44 silly addNameRange     '3.5.0-0.2.7',
44 silly addNameRange     '3.6.0-0.2.8',
44 silly addNameRange     '3.6.0-0.2.9',
44 silly addNameRange     '3.6.1-0.2.10',
44 silly addNameRange     '3.6.3-0.2.11',
44 silly addNameRange     '3.6.3-0.2.12',
44 silly addNameRange     '3.6.3-0.2.13',
44 silly addNameRange     '4.0.0',
44 silly addNameRange     '4.0.1',
44 silly addNameRange     '4.1.0',
44 silly addNameRange     '4.1.1',
44 silly addNameRange     '4.1.2',
44 silly addNameRange     '4.1.3-nightly.2014.10.21',
44 silly addNameRange     '4.2.0',
44 silly addNameRange     '4.3.0' ] ]
45 verbose addNamed cordova@4.3.0
46 silly addNamed semver.valid 4.3.0
47 silly addNamed semver.validRange 4.3.0
48 silly cache afterAdd cordova@4.3.0
49 verbose afterAdd /Users/jenny/.npm/cordova/4.3.0/package/package.json not in flight; writing
50 verbose afterAdd /Users/jenny/.npm/cordova/4.3.0/package/package.json written
51 http 304 https://registry.npmjs.org/ionic
52 silly get cb [ 304,
52 silly get   { date: 'Fri, 06 Mar 2015 00:38:30 GMT',
52 silly get     server: 'Apache',
52 silly get     via: '1.1 varnish',
52 silly get     'last-modified': 'Fri, 06 Mar 2015 00:38:30 GMT',
52 silly get     'cache-control': 'max-age=60',
52 silly get     etag: '"34WA105C6R0K1AIF4HJXZ060Q"',
52 silly get     age: '0',
52 silly get     'x-served-by': 'cache-sjc3127-SJC',
52 silly get     'x-cache': 'HIT',
52 silly get     'x-cache-hits': '1',
52 silly get     'x-timer': 'S1425602310.142608,VS0,VE349',
52 silly get     vary: 'Accept',
52 silly get     'content-length': '0',
52 silly get     'keep-alive': 'timeout=10, max=50',
52 silly get     connection: 'Keep-Alive' } ]
53 verbose etag https://registry.npmjs.org/ionic from cache
54 verbose get saving ionic to /Users/jenny/.npm/registry.npmjs.org/ionic/.cache.json
55 silly addNameRange number 2 { name: 'ionic', range: '*', hasData: true }
56 silly addNameRange versions [ 'ionic',
56 silly addNameRange   [ '0.9.6',
56 silly addNameRange     '0.9.8',
56 silly addNameRange     '0.9.9',
56 silly addNameRange     '0.9.10',
56 silly addNameRange     '0.9.11',
56 silly addNameRange     '0.9.12',
56 silly addNameRange     '0.9.13',
56 silly addNameRange     '0.9.14',
56 silly addNameRange     '0.9.15',
56 silly addNameRange     '0.9.16',
56 silly addNameRange     '1.0.0-beta.1',
56 silly addNameRange     '1.0.0-beta',
56 silly addNameRange     '1.0.1-beta',
56 silly addNameRange     '1.0.3-beta',
56 silly addNameRange     '1.0.4',
56 silly addNameRange     '1.0.5',
56 silly addNameRange     '1.0.6',
56 silly addNameRange     '1.0.7',
56 silly addNameRange     '1.0.8',
56 silly addNameRange     '1.0.9',
56 silly addNameRange     '1.0.10',
56 silly addNameRange     '1.0.11',
56 silly addNameRange     '1.0.12',
56 silly addNameRange     '1.0.13',
56 silly addNameRange     '1.0.14',
56 silly addNameRange     '1.0.15',
56 silly addNameRange     '1.0.16',
56 silly addNameRange     '1.0.17',
56 silly addNameRange     '1.1.0-beta1',
56 silly addNameRange     '1.1.0-beta2',
56 silly addNameRange     '1.1.0-beta3',
56 silly addNameRange     '1.1.0-beta4',
56 silly addNameRange     '1.1.0-beta5',
56 silly addNameRange     '1.1.0-beta6',
56 silly addNameRange     '1.1.0',
56 silly addNameRange     '1.1.1-beta1',
56 silly addNameRange     '1.1.1-beta2',
56 silly addNameRange     '1.1.1-beta3',
56 silly addNameRange     '1.1.1',
56 silly addNameRange     '1.1.3',
56 silly addNameRange     '1.1.4',
56 silly addNameRange     '1.1.5-beta1',
56 silly addNameRange     '1.1.5-beta2',
56 silly addNameRange     '1.1.5-beta3',
56 silly addNameRange     '1.1.5-beta4',
56 silly addNameRange     '1.1.5-beta5',
56 silly addNameRange     '1.1.5',
56 silly addNameRange     '1.1.6',
56 silly addNameRange     '1.1.7-beta1',
56 silly addNameRange     '1.1.7',
56 silly addNameRange     '1.1.8-beta1',
56 silly addNameRange     '1.1.8-beta2',
56 silly addNameRange     '1.1.8-beta3',
56 silly addNameRange     '1.1.8-beta4',
56 silly addNameRange     '1.1.8-beta5',
56 silly addNameRange     '1.1.8',
56 silly addNameRange     '1.1.9-beta1',
56 silly addNameRange     '1.1.9',
56 silly addNameRange     '1.1.10',
56 silly addNameRange     '1.1.11-beta1',
56 silly addNameRange     '1.1.11-beta2',
56 silly addNameRange     '1.1.11',
56 silly addNameRange     '1.1.12-beta1',
56 silly addNameRange     '1.1.12-beta2',
56 silly addNameRange     '1.1.12-beta3',
56 silly addNameRange     '1.1.12',
56 silly addNameRange     '1.1.13',
56 silly addNameRange     '1.1.14-beta1',
56 silly addNameRange     '1.1.14-beta2',
56 silly addNameRange     '1.1.14-beta3',
56 silly addNameRange     '1.2.0-beta1',
56 silly addNameRange     '1.2.0',
56 silly addNameRange     '1.2.1-beta1',
56 silly addNameRange     '1.2.1-beta2',
56 silly addNameRange     '1.2.1-beta3',
56 silly addNameRange     '1.2.1-beta4',
56 silly addNameRange     '1.2.1',
56 silly addNameRange     '1.2.2',
56 silly addNameRange     '1.2.3-beta1',
56 silly addNameRange     '1.2.3-beta2',
56 silly addNameRange     '1.2.3-beta3',
56 silly addNameRange     '1.2.3',
56 silly addNameRange     '1.2.4-beta1',
56 silly addNameRange     '1.2.4-beta2',
56 silly addNameRange     '1.2.4-beta3',
56 silly addNameRange     '1.2.4',
56 silly addNameRange     '1.2.5-beta1',
56 silly addNameRange     '1.2.5-beta2',
56 silly addNameRange     '1.2.5-beta3',
56 silly addNameRange     '1.2.5',
56 silly addNameRange     '1.2.6-beta1',
56 silly addNameRange     '1.2.6-beta2',
56 silly addNameRange     '1.2.6-beta3',
56 silly addNameRange     '1.2.6',
56 silly addNameRange     '1.2.7',
56 silly addNameRange     '1.2.8-beta1',
56 silly addNameRange     '1.2.8-beta2',
56 silly addNameRange     '1.2.8',
56 silly addNameRange     '1.2.9',
56 silly addNameRange     '1.2.10',
56 silly addNameRange     '1.2.11',
56 silly addNameRange     '1.2.12',
56 silly addNameRange     '1.2.13',
56 silly addNameRange     '1.2.14-beta1',
56 silly addNameRange     '1.2.14-beta2',
56 silly addNameRange     '1.2.14-beta3',
56 silly addNameRange     '1.2.14-beta4',
56 silly addNameRange     '1.2.14-beta5',
56 silly addNameRange     '1.2.14-beta6',
56 silly addNameRange     '1.2.14',
56 silly addNameRange     '1.3.0-beta1',
56 silly addNameRange     '1.3.0',
56 silly addNameRange     '1.3.1',
56 silly addNameRange     '1.3.2',
56 silly addNameRange     '1.3.3',
56 silly addNameRange     '1.3.4',
56 silly addNameRange     '1.3.5',
56 silly addNameRange     '1.3.6',
56 silly addNameRange     '1.3.7',
56 silly addNameRange     '1.3.8',
56 silly addNameRange     '1.3.9',
56 silly addNameRange     '1.3.10',
56 silly addNameRange     '1.4.0-alpha.1',
56 silly addNameRange     '1.3.11',
56 silly addNameRange     '1.3.1-1.alpha.0',
56 silly addNameRange     '1.4.0-alpha.2',
56 silly addNameRange     '1.3.12',
56 silly addNameRange     '1.3.12-beta.1',
56 silly addNameRange     '1.3.12-beta.2',
56 silly addNameRange     '1.3.13-beta.0',
56 silly addNameRange     '1.3.1-3.beta.1',
56 silly addNameRange     '1.3.1-3.beta.2',
56 silly addNameRange     '1.3.13' ] ]
57 verbose addNamed ionic@1.3.13
58 silly addNamed semver.valid 1.3.13
59 silly addNamed semver.validRange 1.3.13
60 silly cache afterAdd ionic@1.3.13
61 verbose afterAdd /Users/jenny/.npm/ionic/1.3.13/package/package.json not in flight; writing
62 verbose afterAdd /Users/jenny/.npm/ionic/1.3.13/package/package.json written
63 silly install resolved [ { name: 'cordova',
63 silly install resolved     version: '4.3.0',
63 silly install resolved     preferGlobal: 'true',
63 silly install resolved     description: 'Cordova command line interface tool',
63 silly install resolved     main: 'cordova',
63 silly install resolved     engines: { node: '>=0.9.9' },
63 silly install resolved     engineStrict: true,
63 silly install resolved     bin: { cordova: './bin/cordova' },
63 silly install resolved     scripts:
63 silly install resolved      { test: 'node node_modules/jasmine-node/bin/jasmine-node --captureExceptions --color spec',
63 silly install resolved        cover: 'node node_modules/istanbul/lib/cli.js cover --root src --print detail node_modules/jasmine-node/bin/jasmine-node -- spec' },
63 silly install resolved     repository:
63 silly install resolved      { type: 'git',
63 silly install resolved        url: 'https://git-wip-us.apache.org/repos/asf/cordova-cli.git' },
63 silly install resolved     bugs:
63 silly install resolved      { url: 'https://issues.apache.org/jira/browse/CB',
63 silly install resolved        email: 'dev@cordova.apache.org' },
63 silly install resolved     keywords: [ 'cordova', 'client', 'cli' ],
63 silly install resolved     dependencies:
63 silly install resolved      { 'cordova-lib': '4.3.0',
63 silly install resolved        q: '1.0.1',
63 silly install resolved        nopt: '3.0.1',
63 silly install resolved        underscore: '1.7.0' },
63 silly install resolved     devDependencies:
63 silly install resolved      { istanbul: '^0.3.4',
63 silly install resolved        grunt: '0.4.5',
63 silly install resolved        'grunt-retire': '0.3.7',
63 silly install resolved        'jasmine-node': '1.14.5' },
63 silly install resolved     author: { name: 'Anis Kadri' },
63 silly install resolved     contributors:
63 silly install resolved      [ [Object],
63 silly install resolved        [Object],
63 silly install resolved        [Object],
63 silly install resolved        [Object],
63 silly install resolved        [Object],
63 silly install resolved        [Object],
63 silly install resolved        [Object],
63 silly install resolved        [Object],
63 silly install resolved        [Object],
63 silly install resolved        [Object],
63 silly install resolved        [Object],
63 silly install resolved        [Object],
63 silly install resolved        [Object],
63 silly install resolved        [Object],
63 silly install resolved        [Object],
63 silly install resolved        [Object],
63 silly install resolved        [Object],
63 silly install resolved        [Object],
63 silly install resolved        [Object],
63 silly install resolved        [Object],
63 silly install resolved        [Object],
63 silly install resolved        [Object],
63 silly install resolved        [Object],
63 silly install resolved        [Object] ],
63 silly install resolved     license: 'Apache version 2.0',
63 silly install resolved     _id: 'cordova@4.3.0',
63 silly install resolved     _shasum: '3386c35f454591eee58458584a6006f7bfcb3f0c',
63 silly install resolved     _resolved: 'https://registry.npmjs.org/cordova/-/cordova-4.3.0.tgz',
63 silly install resolved     _from: 'cordova@*',
63 silly install resolved     _npmVersion: '2.5.1',
63 silly install resolved     _nodeVersion: '0.10.36',
63 silly install resolved     _npmUser: { name: 'stevegill', email: 'stevengill97@gmail.com' },
63 silly install resolved     maintainers:
63 silly install resolved      [ [Object],
63 silly install resolved        [Object],
63 silly install resolved        [Object],
63 silly install resolved        [Object],
63 silly install resolved        [Object],
63 silly install resolved        [Object],
63 silly install resolved        [Object],
63 silly install resolved        [Object],
63 silly install resolved        [Object],
63 silly install resolved        [Object],
63 silly install resolved        [Object],
63 silly install resolved        [Object],
63 silly install resolved        [Object],
63 silly install resolved        [Object],
63 silly install resolved        [Object],
63 silly install resolved        [Object] ],
63 silly install resolved     dist:
63 silly install resolved      { shasum: '3386c35f454591eee58458584a6006f7bfcb3f0c',
63 silly install resolved        tarball: 'http://registry.npmjs.org/cordova/-/cordova-4.3.0.tgz' },
63 silly install resolved     directories: {},
63 silly install resolved     readme: 'ERROR: No README data found!' },
63 silly install resolved   { name: 'ionic',
63 silly install resolved     version: '1.3.13',
63 silly install resolved     preferGlobal: true,
63 silly install resolved     description: 'A tool for creating and developing Ionic Framework mobile apps.',
63 silly install resolved     homepage: 'http://ionicframework.com/',
63 silly install resolved     bin: { ionic: 'bin/ionic' },
63 silly install resolved     keywords:
63 silly install resolved      [ 'ionic',
63 silly install resolved        'ionic framework',
63 silly install resolved        'ionicframework',
63 silly install resolved        'mobile',
63 silly install resolved        'app',
63 silly install resolved        'hybrid',
63 silly install resolved        'cordova',
63 silly install resolved        'phonegap' ],
63 silly install resolved     repository:
63 silly install resolved      { type: 'git',
63 silly install resolved        url: 'https://github.com/driftyco/ionic-cli.git' },
63 silly install resolved     contributors: [ [Object], [Object], [Object], [Object] ],
63 silly install resolved     license: 'MIT',
63 silly install resolved     dependencies:
63 silly install resolved      { archiver: '0.5.1',
63 silly install resolved        async: '^0.9.0',
63 silly install resolved        colors: '0.6.2',
63 silly install resolved        connect: '3.1.1',
63 silly install resolved        'connect-livereload': '0.5.2',
63 silly install resolved        crc: '3.2.1',
63 silly install resolved        'cross-spawn': '0.2.3',
63 silly install resolved        'event-stream': '3.0.x',
63 silly install resolved        finalhandler: '0.2.0',
63 silly install resolved        'form-data': '0.1.4',
63 silly install resolved        gulp: '3.8.8',
63 silly install resolved        ncp: '0.4.2',
63 silly install resolved        npm: '2.1.3',
63 silly install resolved        'opbeat-ionic': '^1.1.3',
63 silly install resolved        open: 'https://registry.npmjs.org/open/-/open-0.0.5.tgz',
63 silly install resolved        optimist: '0.6.0',
63 silly install resolved        progress: '1.1.7',
63 silly install resolved        prompt: '0.2.12',
63 silly install resolved        'proxy-middleware': '^0.7.0',
63 silly install resolved        q: '1.0.1',
63 silly install resolved        request: '2.51.0',
63 silly install resolved        semver: '^4.2.0',
63 silly install resolved        'serve-static': '1.7.1',
63 silly install resolved        shelljs: '0.2.6',
63 silly install resolved        'tiny-lr-fork': '0.0.5',
63 silly install resolved        underscore: '~1.7.0',
63 silly install resolved        unzip: '0.1.9',
63 silly install resolved        'vinyl-fs': '0.3.7',
63 silly install resolved        xml2js: '0.4.4' },
63 silly install resolved     gitHead: '44d1e649aacac5e27c79a45aa5e1040f9c449b76',
63 silly install resolved     bugs: { url: 'https://github.com/driftyco/ionic-cli/issues' },
63 silly install resolved     _id: 'ionic@1.3.13',
63 silly install resolved     scripts: {},
63 silly install resolved     _shasum: '1d0dfd57ead6130a74d0884361c7c981d7eedf8d',
63 silly install resolved     _from: 'ionic@*',
63 silly install resolved     _npmVersion: '2.5.1',
63 silly install resolved     _nodeVersion: '0.10.33',
63 silly install resolved     _npmUser: { name: 'drifty', email: 'max@drifty.com' },
63 silly install resolved     maintainers: [ [Object], [Object], [Object] ],
63 silly install resolved     dist:
63 silly install resolved      { shasum: '1d0dfd57ead6130a74d0884361c7c981d7eedf8d',
63 silly install resolved        tarball: 'http://registry.npmjs.org/ionic/-/ionic-1.3.13.tgz' },
63 silly install resolved     directories: {},
63 silly install resolved     _resolved: 'https://registry.npmjs.org/ionic/-/ionic-1.3.13.tgz',
63 silly install resolved     readme: 'ERROR: No README data found!' } ]
64 info install cordova@4.3.0 into /usr/local/lib
65 info install ionic@1.3.13 into /usr/local/lib
66 info installOne cordova@4.3.0
67 verbose installOne of cordova to /usr/local/lib not in flight; installing
68 info installOne ionic@1.3.13
69 verbose installOne of ionic to /usr/local/lib not in flight; installing
70 verbose lock using /Users/jenny/.npm/_locks/cordova-fa12e2e096426a32.lock for /usr/local/lib/node_modules/cordova
71 verbose lock using /Users/jenny/.npm/_locks/ionic-61c0cd50dc7a1457.lock for /usr/local/lib/node_modules/ionic
72 silly install write writing cordova 4.3.0 to /usr/local/lib/node_modules/cordova
73 silly cache addNamed cb cordova@4.3.0
74 verbose unbuild lib/node_modules/cordova
75 silly install write writing ionic 1.3.13 to /usr/local/lib/node_modules/ionic
76 silly cache addNamed cb ionic@1.3.13
77 verbose unbuild lib/node_modules/ionic
78 verbose gentlyRm vacuuming /usr/local/lib/node_modules/cordova
79 verbose gentlyRm vacuuming /usr/local/lib/node_modules/ionic
80 verbose tar unpack /Users/jenny/.npm/cordova/4.3.0/package.tgz
81 verbose tar unpacking to /usr/local/lib/node_modules/cordova
82 verbose gentlyRm vacuuming /usr/local/lib/node_modules/cordova
83 verbose tar unpack /Users/jenny/.npm/ionic/1.3.13/package.tgz
84 verbose tar unpacking to /usr/local/lib/node_modules/ionic
85 verbose gentlyRm vacuuming /usr/local/lib/node_modules/ionic
86 silly gunzTarPerm modes [ '755', '644' ]
87 silly gunzTarPerm modes [ '755', '644' ]
88 error tar.unpack untar error /Users/jenny/.npm/cordova/4.3.0/package.tgz
89 error tar.unpack untar error /Users/jenny/.npm/ionic/1.3.13/package.tgz
90 verbose unlock done using /Users/jenny/.npm/_locks/cordova-fa12e2e096426a32.lock for /usr/local/lib/node_modules/cordova
91 verbose unlock done using /Users/jenny/.npm/_locks/ionic-61c0cd50dc7a1457.lock for /usr/local/lib/node_modules/ionic
92 verbose fstream_path /usr/local/lib/node_modules/cordova
93 verbose fstream_type Directory
94 verbose fstream_class DirWriter
95 verbose stack Error: EACCES, mkdir '/usr/local/lib/node_modules/cordova'
95 verbose stack     at Error (native)
96 verbose fstream_stack /usr/local/lib/node_modules/npm/node_modules/fstream/lib/dir-writer.js:36:23
96 verbose fstream_stack /usr/local/lib/node_modules/npm/node_modules/mkdirp/index.js:46:53
96 verbose fstream_stack FSReqWrap.oncomplete (fs.js:99:15)
97 verbose cwd /Users/jenny/Stanford/winter14-15/cs247/cs247-carpool
98 error Darwin 14.0.0
99 error argv "node" "/usr/local/bin/npm" "install" "-g" "cordova" "ionic"
100 error node v0.12.0
101 error npm  v2.5.1
102 error path /usr/local/lib/node_modules/cordova
103 error code EACCES
104 error errno -13
105 error Error: EACCES, mkdir '/usr/local/lib/node_modules/cordova'
105 error     at Error (native)
105 error  { [Error: EACCES, mkdir '/usr/local/lib/node_modules/cordova']
105 error   errno: -13,
105 error   code: 'EACCES',
105 error   path: '/usr/local/lib/node_modules/cordova',
105 error   fstream_type: 'Directory',
105 error   fstream_path: '/usr/local/lib/node_modules/cordova',
105 error   fstream_class: 'DirWriter',
105 error   fstream_stack:
105 error    [ '/usr/local/lib/node_modules/npm/node_modules/fstream/lib/dir-writer.js:36:23',
105 error      '/usr/local/lib/node_modules/npm/node_modules/mkdirp/index.js:46:53',
105 error      'FSReqWrap.oncomplete (fs.js:99:15)' ] }
106 error Please try running this command again as root/Administrator.
107 verbose exit [ -13, true ]
108 verbose unbuild lib/node_modules/cordova
109 verbose gentlyRm vacuuming /usr/local/lib/node_modules/cordova
110 verbose unbuild lib/node_modules/ionic
111 verbose gentlyRm vacuuming /usr/local/lib/node_modules/ionic
